#
# A fatal error has been detected by the Java Runtime Environment:
#
#  SIGSEGV (0xb) at pc=0x00007f04a2d25288, pid=13480, tid=139657910867712
#
# JRE version: 7.0_21-b11
# Java VM: Java HotSpot(TM) 64-Bit Server VM (23.21-b01 mixed mode linux-amd64 compressed oops)
# Problematic frame:
# V  [libjvm.so+0x37c288]  ftell+0x37c288
#
# Failed to write core dump. Core dumps have been disabled. To enable core dumping, try "ulimit -c unlimited" before starting Java again
#
# If you would like to submit a bug report, please visit:
#   http://bugreport.sun.com/bugreport/crash.jsp
#

---------------  T H R E A D  ---------------

Current thread (0x00007f049c007000):  JavaThread "main" [_thread_in_vm, id=13482, stack(0x00007f04a41ad000,0x00007f04a42ae000)]

siginfo:si_signo=SIGSEGV: si_errno=0, si_code=2 (SEGV_ACCERR), si_addr=0x00007f049c1b7fdc

Registers:
RAX=0x00007f049c1b7fde, RBX=0x0000000000000001, RCX=0x00007f049c006208, RDX=0x00007f049c1b7fdc
RSP=0x00007f04a42aae80, RBP=0x00007f04a42ab0b0, RSI=0x00007f049c007b28, RDI=0x00007f04a42ab5a0
R8 =0x00007f04a42ab210, R9 =0x00007f04a42ab200, R10=0x0000000000000000, R11=0x00007f04a383fa90
R12=0x0000000000000000, R13=0x00007f04a42ab780, R14=0x00007f049c006380, R15=0x00007f049c007000
RIP=0x00007f04a2d25288, EFLAGS=0x0000000000010246, CSGSFS=0x0000000000000033, ERR=0x0000000000000004
  TRAPNO=0x000000000000000e

Top of Stack: (sp=0x00007f04a42aae80)
0x00007f04a42aae80:   00007f049c007000 00007f049c007000
0x00007f04a42aae90:   00007f049c007c40 00007f04a42ab058
0x00007f04a42aaea0:   00007f04a42ab050 00007f04a42ab07e
0x00007f04a42aaeb0:   00007f04a42ab070 00000001a42ab2f0
0x00007f04a42aaec0:   0000000000000008 00007f04a31d4d05
0x00007f04a42aaed0:   00007f04a42aaf00 00007f04a42ab200
0x00007f04a42aaee0:   00007f04a42ab210 00007f04a42ab4e0
0x00007f04a42aaef0:   00007f049c007b28 00007f04a42ab5a0
0x00007f04a42aaf00:   000000069c007000 00007f049c01fe70
0x00007f04a42aaf10:   0000001c0005b0a0 00007f049c02c130
0x00007f04a42aaf20:   00067f04a42aafe0 00007f049c030250
0x00007f04a42aaf30:   ffffffffa42aaf50 0000000500010001
0x00007f04a42aaf40:   00007f049c106dac 0000000000000000
0x00007f04a42aaf50:   00017f0400000001 01000100010b0000
0x00007f04a42aaf60:   00007f049c005e30 00007f049c01ec70
0x00007f04a42aaf70:   00007f049c01f470 00007f049c01f670
0x00007f04a42aaf80:   00000000a42aafa0 0000000000000000
0x00007f04a42aaf90:   0000000000000003 0000000000000000
0x00007f04a42aafa0:   00000000a42ab060 0000000000000000
0x00007f04a42aafb0:   0000000000000002 0000000000000000
0x00007f04a42aafc0:   0000000000000003 0000000000000000
0x00007f04a42aafd0:   00007f0400000000 00007f0400000011
0x00007f04a42aafe0:   00007f04000b120f 0000000704c57446
0x00007f04a42aaff0:   00007f049c005e20 00007f049c005e30
0x00007f04a42ab000:   00007f049c006208 00017f04a36a0d50
0x00007f04a42ab010:   0000000000000000 00007f049c007b78
0x00007f04a42ab020:   0000000000000000 00007f049c005e32
0x00007f04a42ab030:   001712399c007000 0000000000000003
0x00007f04a42ab040:   0000000000000002 0000000704a01af0
0x00007f04a42ab050:   00007f049c007b48 0000000000000000
0x00007f04a42ab060:   00007f049c007b58 00007f04a30e3ab7
0x00007f04a42ab070:   00007f0400000001 0000000400000002 

Instructions: (pc=0x00007f04a2d25288)
0x00007f04a2d25268:   8b 65 e0 4c 8b 6d e8 4c 8b 75 f0 4c 8b 7d f8 c9
0x00007f04a2d25278:   c3 0f 1f 80 00 00 00 00 49 8b 55 10 48 8d 42 02
0x00007f04a2d25288:   0f b7 1a 66 c1 cb 08 66 89 9d 5e ff ff ff 49 89
0x00007f04a2d25298:   45 10 0f b7 42 02 48 83 c2 04 66 c1 c8 08 66 89 

Register to memory mapping:

RAX=0x00007f049c1b7fde is an unknown value
RBX=0x0000000000000001 is an unknown value
RCX=0x00007f049c006208 is an unknown value
RDX=0x00007f049c1b7fdc is an unknown value
RSP=0x00007f04a42aae80 is pointing into the stack for thread: 0x00007f049c007000
RBP=0x00007f04a42ab0b0 is pointing into the stack for thread: 0x00007f049c007000
RSI=0x00007f049c007b28 is an unknown value
RDI=0x00007f04a42ab5a0 is pointing into the stack for thread: 0x00007f049c007000
R8 =0x00007f04a42ab210 is pointing into the stack for thread: 0x00007f049c007000
R9 =0x00007f04a42ab200 is pointing into the stack for thread: 0x00007f049c007000
R10=0x0000000000000000 is an unknown value
R11=0x00007f04a383fa90: <offset 0x16ea90> in /usr/lib/libc.so.6 at 0x00007f04a36d1000
R12=0x0000000000000000 is an unknown value
R13=0x00007f04a42ab780 is pointing into the stack for thread: 0x00007f049c007000
R14=0x00007f049c006380 is an unknown value
R15=0x00007f049c007000 is a thread


Stack: [0x00007f04a41ad000,0x00007f04a42ae000],  sp=0x00007f04a42aae80,  free space=1015k
Native frames: (J=compiled Java code, j=interpreted, Vv=VM code, C=native code)
V  [libjvm.so+0x37c288]  ftell+0x37c288
V  [libjvm.so+0x37ddbc]  ftell+0x37ddbc
V  [libjvm.so+0x3816f8]  ftell+0x3816f8
V  [libjvm.so+0x83407c]  JVM_handle_linux_signal+0xe8e4c
V  [libjvm.so+0x5b7616]  JVM_LoadClass0+0x6a6
V  [libjvm.so+0x5b78c2]  JVM_DefineClassWithSource+0xc2
C  [libjava.so+0xe24f]  Java_java_lang_ClassLoader_defineClass1+0x25f
j  java.lang.ClassLoader.defineClass1(Ljava/lang/String;[BIILjava/security/ProtectionDomain;Ljava/lang/String;)Ljava/lang/Class;+0
j  java.lang.ClassLoader.defineClass(Ljava/lang/String;[BIILjava/security/ProtectionDomain;)Ljava/lang/Class;+30
j  java.security.SecureClassLoader.defineClass(Ljava/lang/String;[BIILjava/security/CodeSource;)Ljava/lang/Class;+12
j  java.net.URLClassLoader.defineClass(Ljava/lang/String;Lsun/misc/Resource;)Ljava/lang/Class;+220
j  java.net.URLClassLoader.access$100(Ljava/net/URLClassLoader;Ljava/lang/String;Lsun/misc/Resource;)Ljava/lang/Class;+3
j  java.net.URLClassLoader$1.run()Ljava/lang/Class;+43
j  java.net.URLClassLoader$1.run()Ljava/lang/Object;+1
v  ~StubRoutines::call_stub
V  [libjvm.so+0x552275]  AsyncGetCallTrace+0xd6535
V  [libjvm.so+0x550d98]  AsyncGetCallTrace+0xd5058
V  [libjvm.so+0x5ac228]  JVM_DoPrivileged+0x218
j  java.security.AccessController.doPrivileged(Ljava/security/PrivilegedExceptionAction;Ljava/security/AccessControlContext;)Ljava/lang/Object;+0
j  java.net.URLClassLoader.findClass(Ljava/lang/String;)Ljava/lang/Class;+13
j  java.lang.ClassLoader.loadClass(Ljava/lang/String;Z)Ljava/lang/Class;+70
j  sun.misc.Launcher$AppClassLoader.loadClass(Ljava/lang/String;Z)Ljava/lang/Class;+36
j  java.lang.ClassLoader.loadClass(Ljava/lang/String;)Ljava/lang/Class;+3
j  sun.launcher.LauncherHelper.checkAndLoadMain(ZILjava/lang/String;)Ljava/lang/Class;+114
v  ~StubRoutines::call_stub
V  [libjvm.so+0x552275]  AsyncGetCallTrace+0xd6535
V  [libjvm.so+0x550d98]  AsyncGetCallTrace+0xd5058
V  [libjvm.so+0x5652fa]  JNI_CreateJavaVM+0xe0a
V  [libjvm.so+0x572e0d]  JNI_CreateJavaVM+0xe91d
C  [libjli.so+0x35e9]  JLI_ReportMessage+0x11a9

Java frames: (J=compiled Java code, j=interpreted, Vv=VM code)
j  java.lang.ClassLoader.defineClass1(Ljava/lang/String;[BIILjava/security/ProtectionDomain;Ljava/lang/String;)Ljava/lang/Class;+0
j  java.lang.ClassLoader.defineClass(Ljava/lang/String;[BIILjava/security/ProtectionDomain;)Ljava/lang/Class;+30
j  java.security.SecureClassLoader.defineClass(Ljava/lang/String;[BIILjava/security/CodeSource;)Ljava/lang/Class;+12
j  java.net.URLClassLoader.defineClass(Ljava/lang/String;Lsun/misc/Resource;)Ljava/lang/Class;+220
j  java.net.URLClassLoader.access$100(Ljava/net/URLClassLoader;Ljava/lang/String;Lsun/misc/Resource;)Ljava/lang/Class;+3
j  java.net.URLClassLoader$1.run()Ljava/lang/Class;+43
j  java.net.URLClassLoader$1.run()Ljava/lang/Object;+1
v  ~StubRoutines::call_stub
j  java.security.AccessController.doPrivileged(Ljava/security/PrivilegedExceptionAction;Ljava/security/AccessControlContext;)Ljava/lang/Object;+0
j  java.net.URLClassLoader.findClass(Ljava/lang/String;)Ljava/lang/Class;+13
j  java.lang.ClassLoader.loadClass(Ljava/lang/String;Z)Ljava/lang/Class;+70
j  sun.misc.Launcher$AppClassLoader.loadClass(Ljava/lang/String;Z)Ljava/lang/Class;+36
j  java.lang.ClassLoader.loadClass(Ljava/lang/String;)Ljava/lang/Class;+3
j  sun.launcher.LauncherHelper.checkAndLoadMain(ZILjava/lang/String;)Ljava/lang/Class;+114
v  ~StubRoutines::call_stub

---------------  P R O C E S S  ---------------

Java Threads: ( => current thread )
  0x00007f049c0ee800 JavaThread "Service Thread" daemon [_thread_blocked, id=13493, stack(0x00007f0491e92000,0x00007f0491f93000)]
  0x00007f049c0ec000 JavaThread "C2 CompilerThread1" daemon [_thread_blocked, id=13492, stack(0x00007f0491f93000,0x00007f0492094000)]
  0x00007f049c0e9800 JavaThread "C2 CompilerThread0" daemon [_thread_blocked, id=13491, stack(0x00007f04980fc000,0x00007f04981fd000)]
  0x00007f049c0e7000 JavaThread "Signal Dispatcher" daemon [_thread_blocked, id=13490, stack(0x00007f04981fd000,0x00007f04982fe000)]
  0x00007f049c09a000 JavaThread "Finalizer" daemon [_thread_blocked, id=13489, stack(0x00007f04985f6000,0x00007f04986f7000)]
  0x00007f049c098000 JavaThread "Reference Handler" daemon [_thread_blocked, id=13488, stack(0x00007f04986f7000,0x00007f04987f8000)]
=>0x00007f049c007000 JavaThread "main" [_thread_in_vm, id=13482, stack(0x00007f04a41ad000,0x00007f04a42ae000)]

Other Threads:
  0x00007f049c090800 VMThread [stack: 0x00007f04987f8000,0x00007f04988f9000] [id=13487]
  0x00007f049c0f9000 WatcherThread [stack: 0x00007f0491d91000,0x00007f0491e92000] [id=13494]

VM state:not at safepoint (normal execution)

VM Mutex/Monitor currently owned by a thread: None

Heap
 PSYoungGen      total 73536K, used 1260K [0x00000007adeb0000, 0x00000007b30c0000, 0x0000000800000000)
  eden space 63040K, 2% used [0x00000007adeb0000,0x00000007adfeb3a0,0x00000007b1c40000)
  from space 10496K, 0% used [0x00000007b2680000,0x00000007b2680000,0x00000007b30c0000)
  to   space 10496K, 0% used [0x00000007b1c40000,0x00000007b1c40000,0x00000007b2680000)
 ParOldGen       total 168064K, used 0K [0x0000000709c00000, 0x0000000714020000, 0x00000007adeb0000)
  object space 168064K, 0% used [0x0000000709c00000,0x0000000709c00000,0x0000000714020000)
 PSPermGen       total 21248K, used 2397K [0x0000000704a00000, 0x0000000705ec0000, 0x0000000709c00000)
  object space 21248K, 11% used [0x0000000704a00000,0x0000000704c574d0,0x0000000705ec0000)

Card table byte_map: [0x00007f04a1466000,0x00007f04a1c42000] byte_map_base: 0x00007f049dc41000

Polling page: 0x00007f04a42d4000

Code Cache  [0x00007f0499000000, 0x00007f0499270000, 0x00007f049c000000)
 total_blobs=161 nmethods=0 adapters=129 free_code_cache=48776Kb largest_free_block=49947456

Compilation events (0 events):
No events

GC Heap History (0 events):
No events

Deoptimization events (0 events):
No events

Internal exceptions (2 events):
Event: 0.016 Thread 0x00007f049c007000 Threw 0x00000007adeb61b0 at /HUDSON/workspace/jdk7u21-2-build-linux-amd64-product/jdk7u21/hotspot/src/share/vm/prims/jni.cpp:3994
Event: 0.035 Thread 0x00007f049c007000 Threw 0x00000007adef5340 at /HUDSON/workspace/jdk7u21-2-build-linux-amd64-product/jdk7u21/hotspot/src/share/vm/prims/jvm.cpp:1166

Events (10 events):
Event: 0.037 loading class 0x00007f049c106500
Event: 0.037 loading class 0x00007f049c106500 done
Event: 0.037 loading class 0x00007f049c106530
Event: 0.037 loading class 0x00007f049c106530 done
Event: 0.037 loading class 0x00007f049c101820
Event: 0.037 loading class 0x00007f049c101820 done
Event: 0.037 loading class 0x00007f049c1018d0
Event: 0.037 loading class 0x00007f049c1018d0 done
Event: 0.037 loading class 0x00007f049c094870
Event: 0.037 loading class 0x00007f049c094870 done


Dynamic libraries:
00400000-00401000 r-xp 00000000 08:05 1308274                            /opt/java/jre/bin/java
00600000-00601000 rw-p 00000000 08:05 1308274                            /opt/java/jre/bin/java
01909000-0192a000 rw-p 00000000 00:00 0                                  [heap]
704a00000-705ec0000 rw-p 00000000 00:00 0 
705ec0000-709c00000 rw-p 00000000 00:00 0 
709c00000-714020000 rw-p 00000000 00:00 0 
714020000-7adeb0000 rw-p 00000000 00:00 0 
7adeb0000-7b30c0000 rw-p 00000000 00:00 0 
7b30c0000-800000000 rw-p 00000000 00:00 0 
7f0458000000-7f0458021000 rw-p 00000000 00:00 0 
7f0458021000-7f045c000000 ---p 00000000 00:00 0 
7f045c000000-7f045c021000 rw-p 00000000 00:00 0 
7f045c021000-7f0460000000 ---p 00000000 00:00 0 
7f0460000000-7f0460021000 rw-p 00000000 00:00 0 
7f0460021000-7f0464000000 ---p 00000000 00:00 0 
7f0464000000-7f0464021000 rw-p 00000000 00:00 0 
7f0464021000-7f0468000000 ---p 00000000 00:00 0 
7f0468000000-7f0468021000 rw-p 00000000 00:00 0 
7f0468021000-7f046c000000 ---p 00000000 00:00 0 
7f046c000000-7f046c021000 rw-p 00000000 00:00 0 
7f046c021000-7f0470000000 ---p 00000000 00:00 0 
7f0470000000-7f0470021000 rw-p 00000000 00:00 0 
7f0470021000-7f0474000000 ---p 00000000 00:00 0 
7f0474250000-7f047c000000 rw-p 00000000 00:00 0 
7f047c000000-7f047c021000 rw-p 00000000 00:00 0 
7f047c021000-7f0480000000 ---p 00000000 00:00 0 
7f0480000000-7f0480021000 rw-p 00000000 00:00 0 
7f0480021000-7f0484000000 ---p 00000000 00:00 0 
7f0484000000-7f0484021000 rw-p 00000000 00:00 0 
7f0484021000-7f0488000000 ---p 00000000 00:00 0 
7f048c000000-7f048c021000 rw-p 00000000 00:00 0 
7f048c021000-7f0490000000 ---p 00000000 00:00 0 
7f0491d91000-7f0491d92000 ---p 00000000 00:00 0 
7f0491d92000-7f0491e92000 rw-p 00000000 00:00 0                          [stack:13494]
7f0491e92000-7f0491e95000 ---p 00000000 00:00 0 
7f0491e95000-7f0491f93000 rw-p 00000000 00:00 0                          [stack:13493]
7f0491f93000-7f0491f96000 ---p 00000000 00:00 0 
7f0491f96000-7f0494000000 rw-p 00000000 00:00 0                          [stack:13492]
7f0494000000-7f0494021000 rw-p 00000000 00:00 0 
7f0494021000-7f0498000000 ---p 00000000 00:00 0 
7f04980fc000-7f04980ff000 ---p 00000000 00:00 0 
7f04980ff000-7f04981fd000 rw-p 00000000 00:00 0                          [stack:13491]
7f04981fd000-7f0498200000 ---p 00000000 00:00 0 
7f0498200000-7f04982fe000 rw-p 00000000 00:00 0                          [stack:13490]
7f04982fe000-7f04985f6000 r--p 00000000 08:05 423854                     /usr/lib/locale/locale-archive
7f04985f6000-7f04985f9000 ---p 00000000 00:00 0 
7f04985f9000-7f04986f7000 rw-p 00000000 00:00 0                          [stack:13489]
7f04986f7000-7f04986fa000 ---p 00000000 00:00 0 
7f04986fa000-7f04987f8000 rw-p 00000000 00:00 0                          [stack:13488]
7f04987f8000-7f04987f9000 ---p 00000000 00:00 0 
7f04987f9000-7f0499000000 rw-p 00000000 00:00 0                          [stack:13487]
7f0499000000-7f0499270000 rwxp 00000000 00:00 0 
7f0499270000-7f049c10d000 rw-p 00000000 00:00 0 
7f049c10d000-7f04a0000000 ---p 00000000 00:00 0 
7f04a0015000-7f04a0932000 rw-p 00000000 00:00 0 
7f04a0932000-7f04a0aef000 r--s 039de000 08:05 1308302                    /opt/java/jre/lib/rt.jar
7f04a0aef000-7f04a0b17000 rw-p 00000000 00:00 0 
7f04a0b17000-7f04a0b18000 ---p 00000000 00:00 0 
7f04a0b18000-7f04a0c18000 rw-p 00000000 00:00 0                          [stack:13486]
7f04a0c18000-7f04a0c19000 ---p 00000000 00:00 0 
7f04a0c19000-7f04a0d19000 rw-p 00000000 00:00 0                          [stack:13485]
7f04a0d19000-7f04a0d1a000 ---p 00000000 00:00 0 
7f04a0d1a000-7f04a0e1a000 rw-p 00000000 00:00 0                          [stack:13484]
7f04a0e1a000-7f04a0e1b000 ---p 00000000 00:00 0 
7f04a0e1b000-7f04a0f26000 rw-p 00000000 00:00 0                          [stack:13483]
7f04a0f26000-7f04a0f44000 rw-p 00000000 00:00 0 
7f04a0f44000-7f04a0f97000 rw-p 00000000 00:00 0 
7f04a0f97000-7f04a1466000 rw-p 00000000 00:00 0 
7f04a1466000-7f04a1471000 rw-p 00000000 00:00 0 
7f04a1471000-7f04a148f000 rw-p 00000000 00:00 0 
7f04a148f000-7f04a14e2000 rw-p 00000000 00:00 0 
7f04a14e2000-7f04a19b0000 rw-p 00000000 00:00 0 
7f04a19b0000-7f04a19da000 rw-p 00000000 00:00 0 
7f04a19da000-7f04a1c41000 rw-p 00000000 00:00 0 
7f04a1c41000-7f04a1c42000 rw-p 00000000 00:00 0 
7f04a1c42000-7f04a1c5c000 r-xp 00000000 08:05 1308889                    /opt/java/jre/lib/amd64/libzip.so
7f04a1c5c000-7f04a1e5c000 ---p 0001a000 08:05 1308889                    /opt/java/jre/lib/amd64/libzip.so
7f04a1e5c000-7f04a1e5d000 rw-p 0001a000 08:05 1308889                    /opt/java/jre/lib/amd64/libzip.so
7f04a1e5d000-7f04a1e68000 r-xp 00000000 08:05 395789                     /usr/lib/libnss_files-2.17.so
7f04a1e68000-7f04a2068000 ---p 0000b000 08:05 395789                     /usr/lib/libnss_files-2.17.so
7f04a2068000-7f04a2069000 r--p 0000b000 08:05 395789                     /usr/lib/libnss_files-2.17.so
7f04a2069000-7f04a206a000 rw-p 0000c000 08:05 395789                     /usr/lib/libnss_files-2.17.so
7f04a206a000-7f04a2093000 r-xp 00000000 08:05 1308880                    /opt/java/jre/lib/amd64/libjava.so
7f04a2093000-7f04a2293000 ---p 00029000 08:05 1308880                    /opt/java/jre/lib/amd64/libjava.so
7f04a2293000-7f04a2295000 rw-p 00029000 08:05 1308880                    /opt/java/jre/lib/amd64/libjava.so
7f04a2295000-7f04a22a2000 r-xp 00000000 08:05 1308878                    /opt/java/jre/lib/amd64/libverify.so
7f04a22a2000-7f04a24a1000 ---p 0000d000 08:05 1308878                    /opt/java/jre/lib/amd64/libverify.so
7f04a24a1000-7f04a24a3000 rw-p 0000c000 08:05 1308878                    /opt/java/jre/lib/amd64/libverify.so
7f04a24a3000-7f04a24aa000 r-xp 00000000 08:05 395770                     /usr/lib/librt-2.17.so
7f04a24aa000-7f04a26a9000 ---p 00007000 08:05 395770                     /usr/lib/librt-2.17.so
7f04a26a9000-7f04a26aa000 r--p 00006000 08:05 395770                     /usr/lib/librt-2.17.so
7f04a26aa000-7f04a26ab000 rw-p 00007000 08:05 395770                     /usr/lib/librt-2.17.so
7f04a26ab000-7f04a27a8000 r-xp 00000000 08:05 395787                     /usr/lib/libm-2.17.so
7f04a27a8000-7f04a29a7000 ---p 000fd000 08:05 395787                     /usr/lib/libm-2.17.so
7f04a29a7000-7f04a29a8000 r--p 000fc000 08:05 395787                     /usr/lib/libm-2.17.so
7f04a29a8000-7f04a29a9000 rw-p 000fd000 08:05 395787                     /usr/lib/libm-2.17.so
7f04a29a9000-7f04a33f3000 r-xp 00000000 08:05 1308900                    /opt/java/jre/lib/amd64/server/libjvm.so
7f04a33f3000-7f04a35f2000 ---p 00a4a000 08:05 1308900                    /opt/java/jre/lib/amd64/server/libjvm.so
7f04a35f2000-7f04a3696000 rw-p 00a49000 08:05 1308900                    /opt/java/jre/lib/amd64/server/libjvm.so
7f04a3696000-7f04a36d1000 rw-p 00000000 00:00 0 
7f04a36d1000-7f04a3874000 r-xp 00000000 08:05 395742                     /usr/lib/libc-2.17.so
7f04a3874000-7f04a3a74000 ---p 001a3000 08:05 395742                     /usr/lib/libc-2.17.so
7f04a3a74000-7f04a3a78000 r--p 001a3000 08:05 395742                     /usr/lib/libc-2.17.so
7f04a3a78000-7f04a3a7a000 rw-p 001a7000 08:05 395742                     /usr/lib/libc-2.17.so
7f04a3a7a000-7f04a3a7e000 rw-p 00000000 00:00 0 
7f04a3a7e000-7f04a3a81000 r-xp 00000000 08:05 395765                     /usr/lib/libdl-2.17.so
7f04a3a81000-7f04a3c80000 ---p 00003000 08:05 395765                     /usr/lib/libdl-2.17.so
7f04a3c80000-7f04a3c81000 r--p 00002000 08:05 395765                     /usr/lib/libdl-2.17.so
7f04a3c81000-7f04a3c82000 rw-p 00003000 08:05 395765                     /usr/lib/libdl-2.17.so
7f04a3c82000-7f04a3c98000 r-xp 00000000 08:05 1308899                    /opt/java/jre/lib/amd64/jli/libjli.so
7f04a3c98000-7f04a3e98000 ---p 00016000 08:05 1308899                    /opt/java/jre/lib/amd64/jli/libjli.so
7f04a3e98000-7f04a3e99000 rw-p 00016000 08:05 1308899                    /opt/java/jre/lib/amd64/jli/libjli.so
7f04a3e99000-7f04a3eb0000 r-xp 00000000 08:05 395761                     /usr/lib/libpthread-2.17.so
7f04a3eb0000-7f04a40af000 ---p 00017000 08:05 395761                     /usr/lib/libpthread-2.17.so
7f04a40af000-7f04a40b0000 r--p 00016000 08:05 395761                     /usr/lib/libpthread-2.17.so
7f04a40b0000-7f04a40b1000 rw-p 00017000 08:05 395761                     /usr/lib/libpthread-2.17.so
7f04a40b1000-7f04a40b5000 rw-p 00000000 00:00 0 
7f04a40b5000-7f04a40d6000 r-xp 00000000 08:05 395749                     /usr/lib/ld-2.17.so
7f04a40ed000-7f04a40f7000 rw-p 00000000 00:00 0 
7f04a40f7000-7f04a41ad000 rw-p 00000000 00:00 0 
7f04a41ad000-7f04a41b0000 ---p 00000000 00:00 0 
7f04a41b0000-7f04a42b2000 rw-p 00000000 00:00 0                          [stack:13482]
7f04a42c9000-7f04a42cb000 rw-p 00000000 00:00 0 
7f04a42cb000-7f04a42d3000 rw-s 00000000 00:1f 26662                      /tmp/hsperfdata_eike/13480
7f04a42d3000-7f04a42d4000 rw-p 00000000 00:00 0 
7f04a42d4000-7f04a42d5000 r--p 00000000 00:00 0 
7f04a42d5000-7f04a42d6000 rw-p 00000000 00:00 0 
7f04a42d6000-7f04a42d7000 r--p 00021000 08:05 395749                     /usr/lib/ld-2.17.so
7f04a42d7000-7f04a42d8000 rw-p 00022000 08:05 395749                     /usr/lib/ld-2.17.so
7f04a42d8000-7f04a42d9000 rw-p 00000000 00:00 0 
7fff29aa6000-7fff29ac7000 rw-p 00000000 00:00 0                          [stack]
7fff29bfe000-7fff29c00000 r-xp 00000000 00:00 0                          [vdso]
ffffffffff600000-ffffffffff601000 r-xp 00000000 00:00 0                  [vsyscall]

VM Arguments:
jvm_args: -Xverify:none 
java_command: Program
Launcher Type: SUN_STANDARD

Environment Variables:
JAVA_HOME=/opt/java
PATH=/usr/local/sbin:/usr/local/bin:/usr/bin:/usr/share/java/gradle/bin:/opt/java/bin:/opt/java/db/bin:/opt/java/jre/bin:/usr/bin/core_perl
USERNAME=eike
SHELL=/bin/zsh
DISPLAY=:0

Signal Handlers:
SIGSEGV: [libjvm.so+0x8a80e0], sa_mask[0]=0x7ffbfeff, sa_flags=0x10000004
SIGBUS: [libjvm.so+0x8a80e0], sa_mask[0]=0x7ffbfeff, sa_flags=0x10000004
SIGFPE: [libjvm.so+0x744170], sa_mask[0]=0x7ffbfeff, sa_flags=0x10000004
SIGPIPE: [libjvm.so+0x744170], sa_mask[0]=0x7ffbfeff, sa_flags=0x10000004
SIGXFSZ: [libjvm.so+0x744170], sa_mask[0]=0x7ffbfeff, sa_flags=0x10000004
SIGILL: [libjvm.so+0x744170], sa_mask[0]=0x7ffbfeff, sa_flags=0x10000004
SIGUSR1: SIG_DFL, sa_mask[0]=0x00000000, sa_flags=0x00000000
SIGUSR2: [libjvm.so+0x743ac0], sa_mask[0]=0x00000004, sa_flags=0x10000004
SIGHUP: [libjvm.so+0x745e50], sa_mask[0]=0x7ffbfeff, sa_flags=0x10000004
SIGINT: SIG_IGN, sa_mask[0]=0x00000000, sa_flags=0x00000000
SIGTERM: [libjvm.so+0x745e50], sa_mask[0]=0x7ffbfeff, sa_flags=0x10000004
SIGQUIT: [libjvm.so+0x745e50], sa_mask[0]=0x7ffbfeff, sa_flags=0x10000004


---------------  S Y S T E M  ---------------

OS:Linux
uname:Linux 3.9.6-1-ARCH #1 SMP PREEMPT Fri Jun 14 08:12:55 CEST 2013 x86_64
libc:glibc 2.17 NPTL 2.17 
rlimit: STACK 8192k, CORE 0k, NPROC 125986, NOFILE 4096, AS infinity
load average:0.16 0.17 0.15

/proc/meminfo:
MemTotal:       16132516 kB
MemFree:        12421160 kB
Buffers:           97524 kB
Cached:          2594960 kB
SwapCached:            0 kB
Active:          1921860 kB
Inactive:        1498844 kB
Active(anon):     744048 kB
Inactive(anon):   151876 kB
Active(file):    1177812 kB
Inactive(file):  1346968 kB
Unevictable:           0 kB
Mlocked:               0 kB
SwapTotal:       3905532 kB
SwapFree:        3905532 kB
Dirty:                32 kB
Writeback:             0 kB
AnonPages:        720292 kB
Mapped:           229164 kB
Shmem:            167716 kB
Slab:             131316 kB
SReclaimable:     107268 kB
SUnreclaim:        24048 kB
KernelStack:        2800 kB
PageTables:        19524 kB
NFS_Unstable:          0 kB
Bounce:                0 kB
WritebackTmp:          0 kB
CommitLimit:    11971788 kB
Committed_AS:    3085324 kB
VmallocTotal:   34359738367 kB
VmallocUsed:      390760 kB
VmallocChunk:   34359320188 kB
HardwareCorrupted:     0 kB
AnonHugePages:    331776 kB
HugePages_Total:       0
HugePages_Free:        0
HugePages_Rsvd:        0
HugePages_Surp:        0
Hugepagesize:       2048 kB
DirectMap4k:       13500 kB
DirectMap2M:    16453632 kB


CPU:total 4 (2 cores per cpu, 2 threads per core) family 6 model 58 stepping 9, cmov, cx8, fxsr, mmx, sse, sse2, sse3, ssse3, sse4.1, sse4.2, popcnt, avx, ht, tsc, tscinvbit, tscinv

/proc/cpuinfo:
processor	: 0
vendor_id	: GenuineIntel
cpu family	: 6
model		: 58
model name	: Intel(R) Core(TM) i5-3320M CPU @ 2.60GHz
stepping	: 9
microcode	: 0x17
cpu MHz		: 1200.000
cache size	: 3072 KB
physical id	: 0
siblings	: 4
core id		: 0
cpu cores	: 2
apicid		: 0
initial apicid	: 0
fpu		: yes
fpu_exception	: yes
cpuid level	: 13
wp		: yes
flags		: fpu vme de pse tsc msr pae mce cx8 apic sep mtrr pge mca cmov pat pse36 clflush dts acpi mmx fxsr sse sse2 ss ht tm pbe syscall nx rdtscp lm constant_tsc arch_perfmon pebs bts rep_good nopl xtopology nonstop_tsc aperfmperf eagerfpu pni pclmulqdq dtes64 monitor ds_cpl vmx smx est tm2 ssse3 cx16 xtpr pdcm pcid sse4_1 sse4_2 x2apic popcnt tsc_deadline_timer aes xsave avx f16c rdrand lahf_lm ida arat epb xsaveopt pln pts dtherm tpr_shadow vnmi flexpriority ept vpid fsgsbase smep erms
bogomips	: 5190.42
clflush size	: 64
cache_alignment	: 64
address sizes	: 36 bits physical, 48 bits virtual
power management:

processor	: 1
vendor_id	: GenuineIntel
cpu family	: 6
model		: 58
model name	: Intel(R) Core(TM) i5-3320M CPU @ 2.60GHz
stepping	: 9
microcode	: 0x17
cpu MHz		: 2601.000
cache size	: 3072 KB
physical id	: 0
siblings	: 4
core id		: 0
cpu cores	: 2
apicid		: 1
initial apicid	: 1
fpu		: yes
fpu_exception	: yes
cpuid level	: 13
wp		: yes
flags		: fpu vme de pse tsc msr pae mce cx8 apic sep mtrr pge mca cmov pat pse36 clflush dts acpi mmx fxsr sse sse2 ss ht tm pbe syscall nx rdtscp lm constant_tsc arch_perfmon pebs bts rep_good nopl xtopology nonstop_tsc aperfmperf eagerfpu pni pclmulqdq dtes64 monitor ds_cpl vmx smx est tm2 ssse3 cx16 xtpr pdcm pcid sse4_1 sse4_2 x2apic popcnt tsc_deadline_timer aes xsave avx f16c rdrand lahf_lm ida arat epb xsaveopt pln pts dtherm tpr_shadow vnmi flexpriority ept vpid fsgsbase smep erms
bogomips	: 5190.42
clflush size	: 64
cache_alignment	: 64
address sizes	: 36 bits physical, 48 bits virtual
power management:

processor	: 2
vendor_id	: GenuineIntel
cpu family	: 6
model		: 58
model name	: Intel(R) Core(TM) i5-3320M CPU @ 2.60GHz
stepping	: 9
microcode	: 0x17
cpu MHz		: 1200.000
cache size	: 3072 KB
physical id	: 0
siblings	: 4
core id		: 1
cpu cores	: 2
apicid		: 2
initial apicid	: 2
fpu		: yes
fpu_exception	: yes
cpuid level	: 13
wp		: yes
flags		: fpu vme de pse tsc msr pae mce cx8 apic sep mtrr pge mca cmov pat pse36 clflush dts acpi mmx fxsr sse sse2 ss ht tm pbe syscall nx rdtscp lm constant_tsc arch_perfmon pebs bts rep_good nopl xtopology nonstop_tsc aperfmperf eagerfpu pni pclmulqdq dtes64 monitor ds_cpl vmx smx est tm2 ssse3 cx16 xtpr pdcm pcid sse4_1 sse4_2 x2apic popcnt tsc_deadline_timer aes xsave avx f16c rdrand lahf_lm ida arat epb xsaveopt pln pts dtherm tpr_shadow vnmi flexpriority ept vpid fsgsbase smep erms
bogomips	: 5190.42
clflush size	: 64
cache_alignment	: 64
address sizes	: 36 bits physical, 48 bits virtual
power management:

processor	: 3
vendor_id	: GenuineIntel
cpu family	: 6
model		: 58
model name	: Intel(R) Core(TM) i5-3320M CPU @ 2.60GHz
stepping	: 9
microcode	: 0x17
cpu MHz		: 2601.000
cache size	: 3072 KB
physical id	: 0
siblings	: 4
core id		: 1
cpu cores	: 2
apicid		: 3
initial apicid	: 3
fpu		: yes
fpu_exception	: yes
cpuid level	: 13
wp		: yes
flags		: fpu vme de pse tsc msr pae mce cx8 apic sep mtrr pge mca cmov pat pse36 clflush dts acpi mmx fxsr sse sse2 ss ht tm pbe syscall nx rdtscp lm constant_tsc arch_perfmon pebs bts rep_good nopl xtopology nonstop_tsc aperfmperf eagerfpu pni pclmulqdq dtes64 monitor ds_cpl vmx smx est tm2 ssse3 cx16 xtpr pdcm pcid sse4_1 sse4_2 x2apic popcnt tsc_deadline_timer aes xsave avx f16c rdrand lahf_lm ida arat epb xsaveopt pln pts dtherm tpr_shadow vnmi flexpriority ept vpid fsgsbase smep erms
bogomips	: 5190.42
clflush size	: 64
cache_alignment	: 64
address sizes	: 36 bits physical, 48 bits virtual
power management:



Memory: 4k page, physical 16132516k(12421160k free), swap 3905532k(3905532k free)

vm_info: Java HotSpot(TM) 64-Bit Server VM (23.21-b01) for linux-amd64 JRE (1.7.0_21-b11), built on Apr  4 2013 04:03:29 by "java_re" with gcc 4.3.0 20080428 (Red Hat 4.3.0-8)

time: Sun Jun 16 20:55:35 2013
elapsed time: 0 seconds

