#
# A fatal error has been detected by the Java Runtime Environment:
#
#  SIGSEGV (0xb) at pc=0x00007fd56e966288, pid=16254, tid=140554682689280
#
# JRE version: 7.0_21-b11
# Java VM: Java HotSpot(TM) 64-Bit Server VM (23.21-b01 mixed mode linux-amd64 compressed oops)
# Problematic frame:
# V  [libjvm.so+0x37c288]  ftell+0x37c288
#
# Failed to write core dump. Core dumps have been disabled. To enable core dumping, try "ulimit -c unlimited" before starting Java again
#
# If you would like to submit a bug report, please visit:
#   http://bugreport.sun.com/bugreport/crash.jsp
#

---------------  T H R E A D  ---------------

Current thread (0x00007fd568007000):  JavaThread "main" [_thread_in_vm, id=16256, stack(0x00007fd56fdee000,0x00007fd56feef000)]

siginfo:si_signo=SIGSEGV: si_errno=0, si_code=2 (SEGV_ACCERR), si_addr=0x00007fd5681bffcc

Registers:
RAX=0x00007fd5681bffce, RBX=0x0000000000000001, RCX=0x00007fd568006208, RDX=0x00007fd5681bffcc
RSP=0x00007fd56feebe80, RBP=0x00007fd56feec0b0, RSI=0x00007fd568007b28, RDI=0x00007fd56feec5a0
R8 =0x00007fd56feec210, R9 =0x00007fd56feec200, R10=0x0000000000000000, R11=0x00007fd56f480a90
R12=0x0000000000000000, R13=0x00007fd56feec780, R14=0x00007fd568006380, R15=0x00007fd568007000
RIP=0x00007fd56e966288, EFLAGS=0x0000000000010246, CSGSFS=0x0000000000000033, ERR=0x0000000000000004
  TRAPNO=0x000000000000000e

Top of Stack: (sp=0x00007fd56feebe80)
0x00007fd56feebe80:   00007fd568007000 00007fd568007000
0x00007fd56feebe90:   00007fd568007c40 00007fd56feec058
0x00007fd56feebea0:   00007fd56feec050 00007fd56feec07e
0x00007fd56feebeb0:   00007fd56feec070 000000016feec2f0
0x00007fd56feebec0:   0000000000000008 00007fd56ee15d05
0x00007fd56feebed0:   00007fd56feebf00 00007fd56feec200
0x00007fd56feebee0:   00007fd56feec210 00007fd56feec4e0
0x00007fd56feebef0:   00007fd568007b28 00007fd56feec5a0
0x00007fd56feebf00:   0000000668007000 00007fd5680f19a0
0x00007fd56feebf10:   0000001c0005c0a0 00007fd56802c130
0x00007fd56feebf20:   00067fd56feebfe0 00007fd568030250
0x00007fd56feebf30:   ffffffff6feebf50 0000000500010001
0x00007fd56feebf40:   00007fd56810ed9c 0000000000000000
0x00007fd56feebf50:   00017fd500000001 0100010001cf0000
0x00007fd56feebf60:   00007fd568005e30 00007fd5680f07a0
0x00007fd56feebf70:   00007fd5680f0fa0 00007fd5680f11a0
0x00007fd56feebf80:   000000006feebfa0 0000000000000000
0x00007fd56feebf90:   0000000000000003 0000000000000000
0x00007fd56feebfa0:   000000006feec060 0000000000000000
0x00007fd56feebfb0:   0000000000000002 0000000000000000
0x00007fd56feebfc0:   0000000000000003 0000000000000000
0x00007fd56feebfd0:   00007fd500000000 00007fd500000011
0x00007fd56feebfe0:   00007fd5000b120f 0000000704c57446
0x00007fd56feebff0:   00007fd568005e20 00007fd568005e30
0x00007fd56feec000:   00007fd568006208 00017fd56f2e1d50
0x00007fd56feec010:   0000000000000000 00007fd568007b78
0x00007fd56feec020:   0000000000000000 00007fd568005e32
0x00007fd56feec030:   0017123968007000 0000000000000003
0x00007fd56feec040:   0000000000000002 0000000704a01af0
0x00007fd56feec050:   00007fd568007b48 0000000000000000
0x00007fd56feec060:   00007fd568007b58 00007fd56ed24ab7
0x00007fd56feec070:   00007fd500000001 0000000400000002 

Instructions: (pc=0x00007fd56e966288)
0x00007fd56e966268:   8b 65 e0 4c 8b 6d e8 4c 8b 75 f0 4c 8b 7d f8 c9
0x00007fd56e966278:   c3 0f 1f 80 00 00 00 00 49 8b 55 10 48 8d 42 02
0x00007fd56e966288:   0f b7 1a 66 c1 cb 08 66 89 9d 5e ff ff ff 49 89
0x00007fd56e966298:   45 10 0f b7 42 02 48 83 c2 04 66 c1 c8 08 66 89 

Register to memory mapping:

RAX=0x00007fd5681bffce is an unknown value
RBX=0x0000000000000001 is an unknown value
RCX=0x00007fd568006208 is an unknown value
RDX=0x00007fd5681bffcc is an unknown value
RSP=0x00007fd56feebe80 is pointing into the stack for thread: 0x00007fd568007000
RBP=0x00007fd56feec0b0 is pointing into the stack for thread: 0x00007fd568007000
RSI=0x00007fd568007b28 is an unknown value
RDI=0x00007fd56feec5a0 is pointing into the stack for thread: 0x00007fd568007000
R8 =0x00007fd56feec210 is pointing into the stack for thread: 0x00007fd568007000
R9 =0x00007fd56feec200 is pointing into the stack for thread: 0x00007fd568007000
R10=0x0000000000000000 is an unknown value
R11=0x00007fd56f480a90: <offset 0x16ea90> in /usr/lib/libc.so.6 at 0x00007fd56f312000
R12=0x0000000000000000 is an unknown value
R13=0x00007fd56feec780 is pointing into the stack for thread: 0x00007fd568007000
R14=0x00007fd568006380 is an unknown value
R15=0x00007fd568007000 is a thread


Stack: [0x00007fd56fdee000,0x00007fd56feef000],  sp=0x00007fd56feebe80,  free space=1015k
Native frames: (J=compiled Java code, j=interpreted, Vv=VM code, C=native code)
V  [libjvm.so+0x37c288]  ftell+0x37c288
V  [libjvm.so+0x37ddbc]  ftell+0x37ddbc
V  [libjvm.so+0x3816f8]  ftell+0x3816f8
V  [libjvm.so+0x83407c]  JVM_handle_linux_signal+0xe8e4c
V  [libjvm.so+0x5b7616]  JVM_LoadClass0+0x6a6
V  [libjvm.so+0x5b78c2]  JVM_DefineClassWithSource+0xc2
C  [libjava.so+0xe24f]  Java_java_lang_ClassLoader_defineClass1+0x25f
j  java.lang.ClassLoader.defineClass1(Ljava/lang/String;[BIILjava/security/ProtectionDomain;Ljava/lang/String;)Ljava/lang/Class;+0
j  java.lang.ClassLoader.defineClass(Ljava/lang/String;[BIILjava/security/ProtectionDomain;)Ljava/lang/Class;+30
j  java.security.SecureClassLoader.defineClass(Ljava/lang/String;[BIILjava/security/CodeSource;)Ljava/lang/Class;+12
j  java.net.URLClassLoader.defineClass(Ljava/lang/String;Lsun/misc/Resource;)Ljava/lang/Class;+220
j  java.net.URLClassLoader.access$100(Ljava/net/URLClassLoader;Ljava/lang/String;Lsun/misc/Resource;)Ljava/lang/Class;+3
j  java.net.URLClassLoader$1.run()Ljava/lang/Class;+43
j  java.net.URLClassLoader$1.run()Ljava/lang/Object;+1
v  ~StubRoutines::call_stub
V  [libjvm.so+0x552275]  AsyncGetCallTrace+0xd6535
V  [libjvm.so+0x550d98]  AsyncGetCallTrace+0xd5058
V  [libjvm.so+0x5ac228]  JVM_DoPrivileged+0x218
j  java.security.AccessController.doPrivileged(Ljava/security/PrivilegedExceptionAction;Ljava/security/AccessControlContext;)Ljava/lang/Object;+0
j  java.net.URLClassLoader.findClass(Ljava/lang/String;)Ljava/lang/Class;+13
j  java.lang.ClassLoader.loadClass(Ljava/lang/String;Z)Ljava/lang/Class;+70
j  sun.misc.Launcher$AppClassLoader.loadClass(Ljava/lang/String;Z)Ljava/lang/Class;+36
j  java.lang.ClassLoader.loadClass(Ljava/lang/String;)Ljava/lang/Class;+3
j  sun.launcher.LauncherHelper.checkAndLoadMain(ZILjava/lang/String;)Ljava/lang/Class;+114
v  ~StubRoutines::call_stub
V  [libjvm.so+0x552275]  AsyncGetCallTrace+0xd6535
V  [libjvm.so+0x550d98]  AsyncGetCallTrace+0xd5058
V  [libjvm.so+0x5652fa]  JNI_CreateJavaVM+0xe0a
V  [libjvm.so+0x572e0d]  JNI_CreateJavaVM+0xe91d
C  [libjli.so+0x35e9]  JLI_ReportMessage+0x11a9

Java frames: (J=compiled Java code, j=interpreted, Vv=VM code)
j  java.lang.ClassLoader.defineClass1(Ljava/lang/String;[BIILjava/security/ProtectionDomain;Ljava/lang/String;)Ljava/lang/Class;+0
j  java.lang.ClassLoader.defineClass(Ljava/lang/String;[BIILjava/security/ProtectionDomain;)Ljava/lang/Class;+30
j  java.security.SecureClassLoader.defineClass(Ljava/lang/String;[BIILjava/security/CodeSource;)Ljava/lang/Class;+12
j  java.net.URLClassLoader.defineClass(Ljava/lang/String;Lsun/misc/Resource;)Ljava/lang/Class;+220
j  java.net.URLClassLoader.access$100(Ljava/net/URLClassLoader;Ljava/lang/String;Lsun/misc/Resource;)Ljava/lang/Class;+3
j  java.net.URLClassLoader$1.run()Ljava/lang/Class;+43
j  java.net.URLClassLoader$1.run()Ljava/lang/Object;+1
v  ~StubRoutines::call_stub
j  java.security.AccessController.doPrivileged(Ljava/security/PrivilegedExceptionAction;Ljava/security/AccessControlContext;)Ljava/lang/Object;+0
j  java.net.URLClassLoader.findClass(Ljava/lang/String;)Ljava/lang/Class;+13
j  java.lang.ClassLoader.loadClass(Ljava/lang/String;Z)Ljava/lang/Class;+70
j  sun.misc.Launcher$AppClassLoader.loadClass(Ljava/lang/String;Z)Ljava/lang/Class;+36
j  java.lang.ClassLoader.loadClass(Ljava/lang/String;)Ljava/lang/Class;+3
j  sun.launcher.LauncherHelper.checkAndLoadMain(ZILjava/lang/String;)Ljava/lang/Class;+114
v  ~StubRoutines::call_stub

---------------  P R O C E S S  ---------------

Java Threads: ( => current thread )
  0x00007fd5680ee800 JavaThread "Service Thread" daemon [_thread_blocked, id=16267, stack(0x00007fd549ce9000,0x00007fd549dea000)]
  0x00007fd5680ec000 JavaThread "C2 CompilerThread1" daemon [_thread_blocked, id=16266, stack(0x00007fd549dea000,0x00007fd549eeb000)]
  0x00007fd5680e9800 JavaThread "C2 CompilerThread0" daemon [_thread_blocked, id=16265, stack(0x00007fd549eeb000,0x00007fd549fec000)]
  0x00007fd5680e7000 JavaThread "Signal Dispatcher" daemon [_thread_blocked, id=16264, stack(0x00007fd5640f1000,0x00007fd5641f2000)]
  0x00007fd56809a000 JavaThread "Finalizer" daemon [_thread_blocked, id=16263, stack(0x00007fd5641f2000,0x00007fd5642f3000)]
  0x00007fd568098000 JavaThread "Reference Handler" daemon [_thread_blocked, id=16262, stack(0x00007fd5642f3000,0x00007fd5643f4000)]
=>0x00007fd568007000 JavaThread "main" [_thread_in_vm, id=16256, stack(0x00007fd56fdee000,0x00007fd56feef000)]

Other Threads:
  0x00007fd568090800 VMThread [stack: 0x00007fd5643f4000,0x00007fd5644f5000] [id=16261]
  0x00007fd568101800 WatcherThread [stack: 0x00007fd549be8000,0x00007fd549ce9000] [id=16268]

VM state:not at safepoint (normal execution)

VM Mutex/Monitor currently owned by a thread: None

Heap
 PSYoungGen      total 73536K, used 1260K [0x00000007adeb0000, 0x00000007b30c0000, 0x0000000800000000)
  eden space 63040K, 2% used [0x00000007adeb0000,0x00000007adfeb3a0,0x00000007b1c40000)
  from space 10496K, 0% used [0x00000007b2680000,0x00000007b2680000,0x00000007b30c0000)
  to   space 10496K, 0% used [0x00000007b1c40000,0x00000007b1c40000,0x00000007b2680000)
 ParOldGen       total 168064K, used 0K [0x0000000709c00000, 0x0000000714020000, 0x00000007adeb0000)
  object space 168064K, 0% used [0x0000000709c00000,0x0000000709c00000,0x0000000714020000)
 PSPermGen       total 21248K, used 2397K [0x0000000704a00000, 0x0000000705ec0000, 0x0000000709c00000)
  object space 21248K, 11% used [0x0000000704a00000,0x0000000704c574d0,0x0000000705ec0000)

Card table byte_map: [0x00007fd56d0a7000,0x00007fd56d883000] byte_map_base: 0x00007fd569882000

Polling page: 0x00007fd56ff15000

Code Cache  [0x00007fd565000000, 0x00007fd565270000, 0x00007fd568000000)
 total_blobs=161 nmethods=0 adapters=129 free_code_cache=48776Kb largest_free_block=49947456

Compilation events (0 events):
No events

GC Heap History (0 events):
No events

Deoptimization events (0 events):
No events

Internal exceptions (2 events):
Event: 0.015 Thread 0x00007fd568007000 Threw 0x00000007adeb61b0 at /HUDSON/workspace/jdk7u21-2-build-linux-amd64-product/jdk7u21/hotspot/src/share/vm/prims/jni.cpp:3994
Event: 0.035 Thread 0x00007fd568007000 Threw 0x00000007adef5340 at /HUDSON/workspace/jdk7u21-2-build-linux-amd64-product/jdk7u21/hotspot/src/share/vm/prims/jvm.cpp:1166

Events (10 events):
Event: 0.037 loading class 0x00007fd56810e4f0
Event: 0.037 loading class 0x00007fd56810e4f0 done
Event: 0.037 loading class 0x00007fd56810e520
Event: 0.037 loading class 0x00007fd56810e520 done
Event: 0.037 loading class 0x00007fd568109810
Event: 0.037 loading class 0x00007fd568109810 done
Event: 0.037 loading class 0x00007fd5681098c0
Event: 0.037 loading class 0x00007fd5681098c0 done
Event: 0.037 loading class 0x00007fd568094870
Event: 0.037 loading class 0x00007fd568094870 done


Dynamic libraries:
00400000-00401000 r-xp 00000000 08:05 1308274                            /opt/java/jre/bin/java
00600000-00601000 rw-p 00000000 08:05 1308274                            /opt/java/jre/bin/java
00c7f000-00ca0000 rw-p 00000000 00:00 0                                  [heap]
704a00000-705ec0000 rw-p 00000000 00:00 0 
705ec0000-709c00000 rw-p 00000000 00:00 0 
709c00000-714020000 rw-p 00000000 00:00 0 
714020000-7adeb0000 rw-p 00000000 00:00 0 
7adeb0000-7b30c0000 rw-p 00000000 00:00 0 
7b30c0000-800000000 rw-p 00000000 00:00 0 
7fd524000000-7fd524021000 rw-p 00000000 00:00 0 
7fd524021000-7fd528000000 ---p 00000000 00:00 0 
7fd52c000000-7fd52c021000 rw-p 00000000 00:00 0 
7fd52c021000-7fd530000000 ---p 00000000 00:00 0 
7fd530000000-7fd530021000 rw-p 00000000 00:00 0 
7fd530021000-7fd534000000 ---p 00000000 00:00 0 
7fd534000000-7fd534021000 rw-p 00000000 00:00 0 
7fd534021000-7fd538000000 ---p 00000000 00:00 0 
7fd538000000-7fd538021000 rw-p 00000000 00:00 0 
7fd538021000-7fd53c000000 ---p 00000000 00:00 0 
7fd53c000000-7fd53c021000 rw-p 00000000 00:00 0 
7fd53c021000-7fd540000000 ---p 00000000 00:00 0 
7fd540000000-7fd540021000 rw-p 00000000 00:00 0 
7fd540021000-7fd544000000 ---p 00000000 00:00 0 
7fd544000000-7fd544021000 rw-p 00000000 00:00 0 
7fd544021000-7fd548000000 ---p 00000000 00:00 0 
7fd549be8000-7fd549be9000 ---p 00000000 00:00 0 
7fd549be9000-7fd549ce9000 rw-p 00000000 00:00 0                          [stack:16268]
7fd549ce9000-7fd549cec000 ---p 00000000 00:00 0 
7fd549cec000-7fd549dea000 rw-p 00000000 00:00 0                          [stack:16267]
7fd549dea000-7fd549ded000 ---p 00000000 00:00 0 
7fd549ded000-7fd549eeb000 rw-p 00000000 00:00 0                          [stack:16266]
7fd549eeb000-7fd549eee000 ---p 00000000 00:00 0 
7fd549eee000-7fd549fec000 rw-p 00000000 00:00 0                          [stack:16265]
7fd549fec000-7fd54a2e4000 r--p 00000000 08:05 423854                     /usr/lib/locale/locale-archive
7fd54a2e4000-7fd554000000 rw-p 00000000 00:00 0 
7fd554000000-7fd554021000 rw-p 00000000 00:00 0 
7fd554021000-7fd558000000 ---p 00000000 00:00 0 
7fd558000000-7fd558021000 rw-p 00000000 00:00 0 
7fd558021000-7fd55c000000 ---p 00000000 00:00 0 
7fd55c000000-7fd55c021000 rw-p 00000000 00:00 0 
7fd55c021000-7fd560000000 ---p 00000000 00:00 0 
7fd560000000-7fd560021000 rw-p 00000000 00:00 0 
7fd560021000-7fd564000000 ---p 00000000 00:00 0 
7fd5640f1000-7fd5640f4000 ---p 00000000 00:00 0 
7fd5640f4000-7fd5641f2000 rw-p 00000000 00:00 0                          [stack:16264]
7fd5641f2000-7fd5641f5000 ---p 00000000 00:00 0 
7fd5641f5000-7fd5642f3000 rw-p 00000000 00:00 0                          [stack:16263]
7fd5642f3000-7fd5642f6000 ---p 00000000 00:00 0 
7fd5642f6000-7fd5643f4000 rw-p 00000000 00:00 0                          [stack:16262]
7fd5643f4000-7fd5643f5000 ---p 00000000 00:00 0 
7fd5643f5000-7fd565000000 rw-p 00000000 00:00 0                          [stack:16261]
7fd565000000-7fd565270000 rwxp 00000000 00:00 0 
7fd565270000-7fd568115000 rw-p 00000000 00:00 0 
7fd568115000-7fd56c000000 ---p 00000000 00:00 0 
7fd56c05a000-7fd56c573000 rw-p 00000000 00:00 0 
7fd56c573000-7fd56c730000 r--s 039de000 08:05 1308302                    /opt/java/jre/lib/rt.jar
7fd56c730000-7fd56c758000 rw-p 00000000 00:00 0 
7fd56c758000-7fd56c759000 ---p 00000000 00:00 0 
7fd56c759000-7fd56c859000 rw-p 00000000 00:00 0                          [stack:16260]
7fd56c859000-7fd56c85a000 ---p 00000000 00:00 0 
7fd56c85a000-7fd56c95a000 rw-p 00000000 00:00 0                          [stack:16259]
7fd56c95a000-7fd56c95b000 ---p 00000000 00:00 0 
7fd56c95b000-7fd56ca5b000 rw-p 00000000 00:00 0                          [stack:16258]
7fd56ca5b000-7fd56ca5c000 ---p 00000000 00:00 0 
7fd56ca5c000-7fd56cb67000 rw-p 00000000 00:00 0                          [stack:16257]
7fd56cb67000-7fd56cb85000 rw-p 00000000 00:00 0 
7fd56cb85000-7fd56cbd8000 rw-p 00000000 00:00 0 
7fd56cbd8000-7fd56d0a7000 rw-p 00000000 00:00 0 
7fd56d0a7000-7fd56d0b2000 rw-p 00000000 00:00 0 
7fd56d0b2000-7fd56d0d0000 rw-p 00000000 00:00 0 
7fd56d0d0000-7fd56d123000 rw-p 00000000 00:00 0 
7fd56d123000-7fd56d5f1000 rw-p 00000000 00:00 0 
7fd56d5f1000-7fd56d61b000 rw-p 00000000 00:00 0 
7fd56d61b000-7fd56d882000 rw-p 00000000 00:00 0 
7fd56d882000-7fd56d883000 rw-p 00000000 00:00 0 
7fd56d883000-7fd56d89d000 r-xp 00000000 08:05 1308889                    /opt/java/jre/lib/amd64/libzip.so
7fd56d89d000-7fd56da9d000 ---p 0001a000 08:05 1308889                    /opt/java/jre/lib/amd64/libzip.so
7fd56da9d000-7fd56da9e000 rw-p 0001a000 08:05 1308889                    /opt/java/jre/lib/amd64/libzip.so
7fd56da9e000-7fd56daa9000 r-xp 00000000 08:05 395789                     /usr/lib/libnss_files-2.17.so
7fd56daa9000-7fd56dca9000 ---p 0000b000 08:05 395789                     /usr/lib/libnss_files-2.17.so
7fd56dca9000-7fd56dcaa000 r--p 0000b000 08:05 395789                     /usr/lib/libnss_files-2.17.so
7fd56dcaa000-7fd56dcab000 rw-p 0000c000 08:05 395789                     /usr/lib/libnss_files-2.17.so
7fd56dcab000-7fd56dcd4000 r-xp 00000000 08:05 1308880                    /opt/java/jre/lib/amd64/libjava.so
7fd56dcd4000-7fd56ded4000 ---p 00029000 08:05 1308880                    /opt/java/jre/lib/amd64/libjava.so
7fd56ded4000-7fd56ded6000 rw-p 00029000 08:05 1308880                    /opt/java/jre/lib/amd64/libjava.so
7fd56ded6000-7fd56dee3000 r-xp 00000000 08:05 1308878                    /opt/java/jre/lib/amd64/libverify.so
7fd56dee3000-7fd56e0e2000 ---p 0000d000 08:05 1308878                    /opt/java/jre/lib/amd64/libverify.so
7fd56e0e2000-7fd56e0e4000 rw-p 0000c000 08:05 1308878                    /opt/java/jre/lib/amd64/libverify.so
7fd56e0e4000-7fd56e0eb000 r-xp 00000000 08:05 395770                     /usr/lib/librt-2.17.so
7fd56e0eb000-7fd56e2ea000 ---p 00007000 08:05 395770                     /usr/lib/librt-2.17.so
7fd56e2ea000-7fd56e2eb000 r--p 00006000 08:05 395770                     /usr/lib/librt-2.17.so
7fd56e2eb000-7fd56e2ec000 rw-p 00007000 08:05 395770                     /usr/lib/librt-2.17.so
7fd56e2ec000-7fd56e3e9000 r-xp 00000000 08:05 395787                     /usr/lib/libm-2.17.so
7fd56e3e9000-7fd56e5e8000 ---p 000fd000 08:05 395787                     /usr/lib/libm-2.17.so
7fd56e5e8000-7fd56e5e9000 r--p 000fc000 08:05 395787                     /usr/lib/libm-2.17.so
7fd56e5e9000-7fd56e5ea000 rw-p 000fd000 08:05 395787                     /usr/lib/libm-2.17.so
7fd56e5ea000-7fd56f034000 r-xp 00000000 08:05 1308900                    /opt/java/jre/lib/amd64/server/libjvm.so
7fd56f034000-7fd56f233000 ---p 00a4a000 08:05 1308900                    /opt/java/jre/lib/amd64/server/libjvm.so
7fd56f233000-7fd56f2d7000 rw-p 00a49000 08:05 1308900                    /opt/java/jre/lib/amd64/server/libjvm.so
7fd56f2d7000-7fd56f312000 rw-p 00000000 00:00 0 
7fd56f312000-7fd56f4b5000 r-xp 00000000 08:05 395742                     /usr/lib/libc-2.17.so
7fd56f4b5000-7fd56f6b5000 ---p 001a3000 08:05 395742                     /usr/lib/libc-2.17.so
7fd56f6b5000-7fd56f6b9000 r--p 001a3000 08:05 395742                     /usr/lib/libc-2.17.so
7fd56f6b9000-7fd56f6bb000 rw-p 001a7000 08:05 395742                     /usr/lib/libc-2.17.so
7fd56f6bb000-7fd56f6bf000 rw-p 00000000 00:00 0 
7fd56f6bf000-7fd56f6c2000 r-xp 00000000 08:05 395765                     /usr/lib/libdl-2.17.so
7fd56f6c2000-7fd56f8c1000 ---p 00003000 08:05 395765                     /usr/lib/libdl-2.17.so
7fd56f8c1000-7fd56f8c2000 r--p 00002000 08:05 395765                     /usr/lib/libdl-2.17.so
7fd56f8c2000-7fd56f8c3000 rw-p 00003000 08:05 395765                     /usr/lib/libdl-2.17.so
7fd56f8c3000-7fd56f8d9000 r-xp 00000000 08:05 1308899                    /opt/java/jre/lib/amd64/jli/libjli.so
7fd56f8d9000-7fd56fad9000 ---p 00016000 08:05 1308899                    /opt/java/jre/lib/amd64/jli/libjli.so
7fd56fad9000-7fd56fada000 rw-p 00016000 08:05 1308899                    /opt/java/jre/lib/amd64/jli/libjli.so
7fd56fada000-7fd56faf1000 r-xp 00000000 08:05 395761                     /usr/lib/libpthread-2.17.so
7fd56faf1000-7fd56fcf0000 ---p 00017000 08:05 395761                     /usr/lib/libpthread-2.17.so
7fd56fcf0000-7fd56fcf1000 r--p 00016000 08:05 395761                     /usr/lib/libpthread-2.17.so
7fd56fcf1000-7fd56fcf2000 rw-p 00017000 08:05 395761                     /usr/lib/libpthread-2.17.so
7fd56fcf2000-7fd56fcf6000 rw-p 00000000 00:00 0 
7fd56fcf6000-7fd56fd17000 r-xp 00000000 08:05 395749                     /usr/lib/ld-2.17.so
7fd56fd2e000-7fd56fd38000 rw-p 00000000 00:00 0 
7fd56fd38000-7fd56fdee000 rw-p 00000000 00:00 0 
7fd56fdee000-7fd56fdf1000 ---p 00000000 00:00 0 
7fd56fdf1000-7fd56fef3000 rw-p 00000000 00:00 0                          [stack:16256]
7fd56ff0a000-7fd56ff0c000 rw-p 00000000 00:00 0 
7fd56ff0c000-7fd56ff14000 rw-s 00000000 00:1f 26813                      /tmp/hsperfdata_eike/16254
7fd56ff14000-7fd56ff15000 rw-p 00000000 00:00 0 
7fd56ff15000-7fd56ff16000 r--p 00000000 00:00 0 
7fd56ff16000-7fd56ff17000 rw-p 00000000 00:00 0 
7fd56ff17000-7fd56ff18000 r--p 00021000 08:05 395749                     /usr/lib/ld-2.17.so
7fd56ff18000-7fd56ff19000 rw-p 00022000 08:05 395749                     /usr/lib/ld-2.17.so
7fd56ff19000-7fd56ff1a000 rw-p 00000000 00:00 0 
7fffdacf7000-7fffdad18000 rw-p 00000000 00:00 0                          [stack]
7fffdadfe000-7fffdae00000 r-xp 00000000 00:00 0                          [vdso]
ffffffffff600000-ffffffffff601000 r-xp 00000000 00:00 0                  [vsyscall]

VM Arguments:
jvm_args: -Xverify:none 
java_command: Program
Launcher Type: SUN_STANDARD

Environment Variables:
JAVA_HOME=/opt/java
PATH=/usr/local/sbin:/usr/local/bin:/usr/bin:/usr/share/java/gradle/bin:/opt/java/bin:/opt/java/db/bin:/opt/java/jre/bin:/usr/bin/core_perl
USERNAME=eike
SHELL=/bin/zsh
DISPLAY=:0

Signal Handlers:
SIGSEGV: [libjvm.so+0x8a80e0], sa_mask[0]=0x7ffbfeff, sa_flags=0x10000004
SIGBUS: [libjvm.so+0x8a80e0], sa_mask[0]=0x7ffbfeff, sa_flags=0x10000004
SIGFPE: [libjvm.so+0x744170], sa_mask[0]=0x7ffbfeff, sa_flags=0x10000004
SIGPIPE: [libjvm.so+0x744170], sa_mask[0]=0x7ffbfeff, sa_flags=0x10000004
SIGXFSZ: [libjvm.so+0x744170], sa_mask[0]=0x7ffbfeff, sa_flags=0x10000004
SIGILL: [libjvm.so+0x744170], sa_mask[0]=0x7ffbfeff, sa_flags=0x10000004
SIGUSR1: SIG_DFL, sa_mask[0]=0x00000000, sa_flags=0x00000000
SIGUSR2: [libjvm.so+0x743ac0], sa_mask[0]=0x00000004, sa_flags=0x10000004
SIGHUP: [libjvm.so+0x745e50], sa_mask[0]=0x7ffbfeff, sa_flags=0x10000004
SIGINT: SIG_IGN, sa_mask[0]=0x00000000, sa_flags=0x00000000
SIGTERM: [libjvm.so+0x745e50], sa_mask[0]=0x7ffbfeff, sa_flags=0x10000004
SIGQUIT: [libjvm.so+0x745e50], sa_mask[0]=0x7ffbfeff, sa_flags=0x10000004


---------------  S Y S T E M  ---------------

OS:Linux
uname:Linux 3.9.6-1-ARCH #1 SMP PREEMPT Fri Jun 14 08:12:55 CEST 2013 x86_64
libc:glibc 2.17 NPTL 2.17 
rlimit: STACK 8192k, CORE 0k, NPROC 125986, NOFILE 4096, AS infinity
load average:0.46 0.36 0.22

/proc/meminfo:
MemTotal:       16132516 kB
MemFree:        12405868 kB
Buffers:           97632 kB
Cached:          2612884 kB
SwapCached:            0 kB
Active:          1919596 kB
Inactive:        1516484 kB
Active(anon):     740936 kB
Inactive(anon):   159112 kB
Active(file):    1178660 kB
Inactive(file):  1357372 kB
Unevictable:           0 kB
Mlocked:               0 kB
SwapTotal:       3905532 kB
SwapFree:        3905532 kB
Dirty:                88 kB
Writeback:             0 kB
AnonPages:        705512 kB
Mapped:           221952 kB
Shmem:            174496 kB
Slab:             131816 kB
SReclaimable:     107792 kB
SUnreclaim:        24024 kB
KernelStack:        2568 kB
PageTables:        19132 kB
NFS_Unstable:          0 kB
Bounce:                0 kB
WritebackTmp:          0 kB
CommitLimit:    11971788 kB
Committed_AS:    3089752 kB
VmallocTotal:   34359738367 kB
VmallocUsed:      390760 kB
VmallocChunk:   34359320188 kB
HardwareCorrupted:     0 kB
AnonHugePages:    321536 kB
HugePages_Total:       0
HugePages_Free:        0
HugePages_Rsvd:        0
HugePages_Surp:        0
Hugepagesize:       2048 kB
DirectMap4k:       13500 kB
DirectMap2M:    16453632 kB


CPU:total 4 (2 cores per cpu, 2 threads per core) family 6 model 58 stepping 9, cmov, cx8, fxsr, mmx, sse, sse2, sse3, ssse3, sse4.1, sse4.2, popcnt, avx, ht, tsc, tscinvbit, tscinv

/proc/cpuinfo:
processor	: 0
vendor_id	: GenuineIntel
cpu family	: 6
model		: 58
model name	: Intel(R) Core(TM) i5-3320M CPU @ 2.60GHz
stepping	: 9
microcode	: 0x17
cpu MHz		: 1200.000
cache size	: 3072 KB
physical id	: 0
siblings	: 4
core id		: 0
cpu cores	: 2
apicid		: 0
initial apicid	: 0
fpu		: yes
fpu_exception	: yes
cpuid level	: 13
wp		: yes
flags		: fpu vme de pse tsc msr pae mce cx8 apic sep mtrr pge mca cmov pat pse36 clflush dts acpi mmx fxsr sse sse2 ss ht tm pbe syscall nx rdtscp lm constant_tsc arch_perfmon pebs bts rep_good nopl xtopology nonstop_tsc aperfmperf eagerfpu pni pclmulqdq dtes64 monitor ds_cpl vmx smx est tm2 ssse3 cx16 xtpr pdcm pcid sse4_1 sse4_2 x2apic popcnt tsc_deadline_timer aes xsave avx f16c rdrand lahf_lm ida arat epb xsaveopt pln pts dtherm tpr_shadow vnmi flexpriority ept vpid fsgsbase smep erms
bogomips	: 5190.42
clflush size	: 64
cache_alignment	: 64
address sizes	: 36 bits physical, 48 bits virtual
power management:

processor	: 1
vendor_id	: GenuineIntel
cpu family	: 6
model		: 58
model name	: Intel(R) Core(TM) i5-3320M CPU @ 2.60GHz
stepping	: 9
microcode	: 0x17
cpu MHz		: 2601.000
cache size	: 3072 KB
physical id	: 0
siblings	: 4
core id		: 0
cpu cores	: 2
apicid		: 1
initial apicid	: 1
fpu		: yes
fpu_exception	: yes
cpuid level	: 13
wp		: yes
flags		: fpu vme de pse tsc msr pae mce cx8 apic sep mtrr pge mca cmov pat pse36 clflush dts acpi mmx fxsr sse sse2 ss ht tm pbe syscall nx rdtscp lm constant_tsc arch_perfmon pebs bts rep_good nopl xtopology nonstop_tsc aperfmperf eagerfpu pni pclmulqdq dtes64 monitor ds_cpl vmx smx est tm2 ssse3 cx16 xtpr pdcm pcid sse4_1 sse4_2 x2apic popcnt tsc_deadline_timer aes xsave avx f16c rdrand lahf_lm ida arat epb xsaveopt pln pts dtherm tpr_shadow vnmi flexpriority ept vpid fsgsbase smep erms
bogomips	: 5190.42
clflush size	: 64
cache_alignment	: 64
address sizes	: 36 bits physical, 48 bits virtual
power management:

processor	: 2
vendor_id	: GenuineIntel
cpu family	: 6
model		: 58
model name	: Intel(R) Core(TM) i5-3320M CPU @ 2.60GHz
stepping	: 9
microcode	: 0x17
cpu MHz		: 2601.000
cache size	: 3072 KB
physical id	: 0
siblings	: 4
core id		: 1
cpu cores	: 2
apicid		: 2
initial apicid	: 2
fpu		: yes
fpu_exception	: yes
cpuid level	: 13
wp		: yes
flags		: fpu vme de pse tsc msr pae mce cx8 apic sep mtrr pge mca cmov pat pse36 clflush dts acpi mmx fxsr sse sse2 ss ht tm pbe syscall nx rdtscp lm constant_tsc arch_perfmon pebs bts rep_good nopl xtopology nonstop_tsc aperfmperf eagerfpu pni pclmulqdq dtes64 monitor ds_cpl vmx smx est tm2 ssse3 cx16 xtpr pdcm pcid sse4_1 sse4_2 x2apic popcnt tsc_deadline_timer aes xsave avx f16c rdrand lahf_lm ida arat epb xsaveopt pln pts dtherm tpr_shadow vnmi flexpriority ept vpid fsgsbase smep erms
bogomips	: 5190.42
clflush size	: 64
cache_alignment	: 64
address sizes	: 36 bits physical, 48 bits virtual
power management:

processor	: 3
vendor_id	: GenuineIntel
cpu family	: 6
model		: 58
model name	: Intel(R) Core(TM) i5-3320M CPU @ 2.60GHz
stepping	: 9
microcode	: 0x17
cpu MHz		: 1200.000
cache size	: 3072 KB
physical id	: 0
siblings	: 4
core id		: 1
cpu cores	: 2
apicid		: 3
initial apicid	: 3
fpu		: yes
fpu_exception	: yes
cpuid level	: 13
wp		: yes
flags		: fpu vme de pse tsc msr pae mce cx8 apic sep mtrr pge mca cmov pat pse36 clflush dts acpi mmx fxsr sse sse2 ss ht tm pbe syscall nx rdtscp lm constant_tsc arch_perfmon pebs bts rep_good nopl xtopology nonstop_tsc aperfmperf eagerfpu pni pclmulqdq dtes64 monitor ds_cpl vmx smx est tm2 ssse3 cx16 xtpr pdcm pcid sse4_1 sse4_2 x2apic popcnt tsc_deadline_timer aes xsave avx f16c rdrand lahf_lm ida arat epb xsaveopt pln pts dtherm tpr_shadow vnmi flexpriority ept vpid fsgsbase smep erms
bogomips	: 5190.42
clflush size	: 64
cache_alignment	: 64
address sizes	: 36 bits physical, 48 bits virtual
power management:



Memory: 4k page, physical 16132516k(12405868k free), swap 3905532k(3905532k free)

vm_info: Java HotSpot(TM) 64-Bit Server VM (23.21-b01) for linux-amd64 JRE (1.7.0_21-b11), built on Apr  4 2013 04:03:29 by "java_re" with gcc 4.3.0 20080428 (Red Hat 4.3.0-8)

time: Sun Jun 16 20:57:03 2013
elapsed time: 0 seconds

